    13>D:\projects\misis2023f-23-check\misis2024s-23-04-popadina-v-a\prj.check\prj.check\doctest_bitset\doctest_bitset.cpp(14,19): error C2676: binary '[': 'BitSet' does not define this operator or a conversion to a type acceptable to the predefined operator [D:\projects\misis2023f-23-check\misis2024s-23-04-popadina-v-a\build.check\prj.check\prj.check\doctest_bitset\doctest_bitset.vcxproj]
    13>D:\projects\misis2023f-23-check\misis2024s-23-04-popadina-v-a\prj.check\prj.check\doctest_bitset\doctest_bitset.cpp(16,19): error C2676: binary '[': 'BitSet' does not define this operator or a conversion to a type acceptable to the predefined operator [D:\projects\misis2023f-23-check\misis2024s-23-04-popadina-v-a\build.check\prj.check\prj.check\doctest_bitset\doctest_bitset.vcxproj]
    13>D:\projects\misis2023f-23-check\misis2024s-23-04-popadina-v-a\prj.check\prj.check\doctest_bitset\doctest_bitset.cpp(16,13): error C2530: 'b2': references must be initialized [D:\projects\misis2023f-23-check\misis2024s-23-04-popadina-v-a\build.check\prj.check\prj.check\doctest_bitset\doctest_bitset.vcxproj]
    13>D:\projects\misis2023f-23-check\misis2024s-23-04-popadina-v-a\prj.check\prj.check\doctest_bitset\doctest_bitset.cpp(88,5): error C2676: binary '[': 'BitSet' does not define this operator or a conversion to a type acceptable to the predefined operator [D:\projects\misis2023f-23-check\misis2024s-23-04-popadina-v-a\build.check\prj.check\prj.check\doctest_bitset\doctest_bitset.vcxproj]
    13>D:\projects\misis2023f-23-check\misis2024s-23-04-popadina-v-a\prj.check\prj.check\doctest_bitset\doctest_bitset.cpp(89,9): error C2676: binary '[': 'BitSet' does not define this operator or a conversion to a type acceptable to the predefined operator [D:\projects\misis2023f-23-check\misis2024s-23-04-popadina-v-a\build.check\prj.check\prj.check\doctest_bitset\doctest_bitset.vcxproj]
    13>D:\projects\misis2023f-23-check\misis2024s-23-04-popadina-v-a\prj.check\prj.check\doctest_bitset\doctest_bitset.cpp(91,5): error C2676: binary '[': 'BitSet' does not define this operator or a conversion to a type acceptable to the predefined operator [D:\projects\misis2023f-23-check\misis2024s-23-04-popadina-v-a\build.check\prj.check\prj.check\doctest_bitset\doctest_bitset.vcxproj]
    13>D:\projects\misis2023f-23-check\misis2024s-23-04-popadina-v-a\prj.check\prj.check\doctest_bitset\doctest_bitset.cpp(92,9): error C2676: binary '[': 'BitSet' does not define this operator or a conversion to a type acceptable to the predefined operator [D:\projects\misis2023f-23-check\misis2024s-23-04-popadina-v-a\build.check\prj.check\prj.check\doctest_bitset\doctest_bitset.vcxproj]
    13>D:\projects\misis2023f-23-check\misis2024s-23-04-popadina-v-a\prj.check\prj.check\doctest_bitset\doctest_bitset.cpp(94,5): error C2676: binary '[': 'BitSet' does not define this operator or a conversion to a type acceptable to the predefined operator [D:\projects\misis2023f-23-check\misis2024s-23-04-popadina-v-a\build.check\prj.check\prj.check\doctest_bitset\doctest_bitset.vcxproj]
    13>D:\projects\misis2023f-23-check\misis2024s-23-04-popadina-v-a\prj.check\prj.check\doctest_bitset\doctest_bitset.cpp(96,7): error C2676: binary '[': 'BitSet' does not define this operator or a conversion to a type acceptable to the predefined operator [D:\projects\misis2023f-23-check\misis2024s-23-04-popadina-v-a\build.check\prj.check\prj.check\doctest_bitset\doctest_bitset.vcxproj]
    13>D:\projects\misis2023f-23-check\misis2024s-23-04-popadina-v-a\prj.check\prj.check\doctest_bitset\doctest_bitset.cpp(97,3): error C2676: binary '[': 'BitSet' does not define this operator or a conversion to a type acceptable to the predefined operator [D:\projects\misis2023f-23-check\misis2024s-23-04-popadina-v-a\build.check\prj.check\prj.check\doctest_bitset\doctest_bitset.vcxproj]
    13>D:\projects\misis2023f-23-check\misis2024s-23-04-popadina-v-a\prj.check\prj.check\doctest_bitset\doctest_bitset.cpp(98,3): error C2676: binary '[': 'BitSet' does not define this operator or a conversion to a type acceptable to the predefined operator [D:\projects\misis2023f-23-check\misis2024s-23-04-popadina-v-a\build.check\prj.check\prj.check\doctest_bitset\doctest_bitset.vcxproj]
    13>D:\projects\misis2023f-23-check\misis2024s-23-04-popadina-v-a\prj.check\prj.check\doctest_bitset\doctest_bitset.cpp(99,3): error C2676: binary '[': 'BitSet' does not define this operator or a conversion to a type acceptable to the predefined operator [D:\projects\misis2023f-23-check\misis2024s-23-04-popadina-v-a\build.check\prj.check\prj.check\doctest_bitset\doctest_bitset.vcxproj]
    13>D:\projects\misis2023f-23-check\misis2024s-23-04-popadina-v-a\prj.check\prj.check\doctest_bitset\doctest_bitset.cpp(102,3): error C2676: binary '[': 'BitSet' does not define this operator or a conversion to a type acceptable to the predefined operator [D:\projects\misis2023f-23-check\misis2024s-23-04-popadina-v-a\build.check\prj.check\prj.check\doctest_bitset\doctest_bitset.vcxproj]
    13>D:\projects\misis2023f-23-check\misis2024s-23-04-popadina-v-a\prj.check\prj.check\doctest_bitset\doctest_bitset.cpp(103,3): error C2676: binary '[': 'BitSet' does not define this operator or a conversion to a type acceptable to the predefined operator [D:\projects\misis2023f-23-check\misis2024s-23-04-popadina-v-a\build.check\prj.check\prj.check\doctest_bitset\doctest_bitset.vcxproj]
    13>D:\projects\misis2023f-23-check\misis2024s-23-04-popadina-v-a\prj.check\prj.check\doctest_bitset\doctest_bitset.cpp(104,3): error C2676: binary '[': 'BitSet' does not define this operator or a conversion to a type acceptable to the predefined operator [D:\projects\misis2023f-23-check\misis2024s-23-04-popadina-v-a\build.check\prj.check\prj.check\doctest_bitset\doctest_bitset.vcxproj]
    13>D:\projects\misis2023f-23-check\misis2024s-23-04-popadina-v-a\prj.check\prj.check\doctest_bitset\doctest_bitset.cpp(105,3): error C2676: binary '[': 'BitSet' does not define this operator or a conversion to a type acceptable to the predefined operator [D:\projects\misis2023f-23-check\misis2024s-23-04-popadina-v-a\build.check\prj.check\prj.check\doctest_bitset\doctest_bitset.vcxproj]
    13>D:\projects\misis2023f-23-check\misis2024s-23-04-popadina-v-a\prj.check\prj.check\doctest_bitset\doctest_bitset.cpp(123,12): error C2676: binary '[': 'BitSet' does not define this operator or a conversion to a type acceptable to the predefined operator [D:\projects\misis2023f-23-check\misis2024s-23-04-popadina-v-a\build.check\prj.check\prj.check\doctest_bitset\doctest_bitset.vcxproj]
    13>D:\projects\misis2023f-23-check\misis2024s-23-04-popadina-v-a\prj.check\prj.check\doctest_bitset\doctest_bitset.cpp(124,21): error C2676: binary '[': 'BitSet' does not define this operator or a conversion to a type acceptable to the predefined operator [D:\projects\misis2023f-23-check\misis2024s-23-04-popadina-v-a\build.check\prj.check\prj.check\doctest_bitset\doctest_bitset.vcxproj]
    32>doctest_stacklst_moveable.obj : error LNK2019: unresolved external symbol "public: __cdecl StackLst::StackLst(class StackLst const &)" (??0StackLst@@QEAA@AEBV0@@Z) referenced in function "void __cdecl DOCTEST_ANON_TMP_16<class StackLst>(void)" (??$DOCTEST_ANON_TMP_16@VStackLst@@@@YAXXZ) [D:\projects\misis2023f-23-check\misis2024s-23-04-popadina-v-a\build.check\prj.check\prj.check\doctest_stacklst\doctest_stacklst_m.vcxproj]
    32>doctest_stacklst_moveable.obj : error LNK2019: unresolved external symbol "public: __cdecl StackLst::StackLst(class StackLst &&)" (??0StackLst@@QEAA@$$QEAV0@@Z) referenced in function "void __cdecl DOCTEST_ANON_TMP_16<class StackLst>(void)" (??$DOCTEST_ANON_TMP_16@VStackLst@@@@YAXXZ) [D:\projects\misis2023f-23-check\misis2024s-23-04-popadina-v-a\build.check\prj.check\prj.check\doctest_stacklst\doctest_stacklst_m.vcxproj]
    32>doctest_stacklst_moveable.obj : error LNK2019: unresolved external symbol "public: __cdecl StackLst::~StackLst(void)" (??1StackLst@@QEAA@XZ) referenced in function "void __cdecl DOCTEST_ANON_TMP_16<class StackLst>(void)" (??$DOCTEST_ANON_TMP_16@VStackLst@@@@YAXXZ) [D:\projects\misis2023f-23-check\misis2024s-23-04-popadina-v-a\build.check\prj.check\prj.check\doctest_stacklst\doctest_stacklst_m.vcxproj]
    32>doctest_stacklst_moveable.obj : error LNK2019: unresolved external symbol "public: class StackLst & __cdecl StackLst::operator=(class StackLst const &)" (??4StackLst@@QEAAAEAV0@AEBV0@@Z) referenced in function "void __cdecl DOCTEST_ANON_TMP_20<class StackLst>(void)" (??$DOCTEST_ANON_TMP_20@VStackLst@@@@YAXXZ) [D:\projects\misis2023f-23-check\misis2024s-23-04-popadina-v-a\build.check\prj.check\prj.check\doctest_stacklst\doctest_stacklst_m.vcxproj]
    32>doctest_stacklst_moveable.obj : error LNK2019: unresolved external symbol "public: class StackLst & __cdecl StackLst::operator=(class StackLst &&)" (??4StackLst@@QEAAAEAV0@$$QEAV0@@Z) referenced in function "void __cdecl DOCTEST_ANON_TMP_20<class StackLst>(void)" (??$DOCTEST_ANON_TMP_20@VStackLst@@@@YAXXZ) [D:\projects\misis2023f-23-check\misis2024s-23-04-popadina-v-a\build.check\prj.check\prj.check\doctest_stacklst\doctest_stacklst_m.vcxproj]
    32>doctest_stacklst_moveable.obj : error LNK2019: unresolved external symbol "public: void __cdecl StackLst::Push(struct Complex const &)" (?Push@StackLst@@QEAAXAEBUComplex@@@Z) referenced in function "void __cdecl DOCTEST_ANON_TMP_16<class StackLst>(void)" (??$DOCTEST_ANON_TMP_16@VStackLst@@@@YAXXZ) [D:\projects\misis2023f-23-check\misis2024s-23-04-popadina-v-a\build.check\prj.check\prj.check\doctest_stacklst\doctest_stacklst_m.vcxproj]
    32>doctest_stacklst_moveable.obj : error LNK2019: unresolved external symbol "public: struct Complex & __cdecl StackLst::Top(void)" (?Top@StackLst@@QEAAAEAUComplex@@XZ) referenced in function "void __cdecl DOCTEST_ANON_FUNC_27(void)" (?DOCTEST_ANON_FUNC_27@@YAXXZ) [D:\projects\misis2023f-23-check\misis2024s-23-04-popadina-v-a\build.check\prj.check\prj.check\doctest_stacklst\doctest_stacklst_m.vcxproj]
    32>D:\projects\misis2023f-23-check\misis2024s-23-04-popadina-v-a\bin.check\doctest_stacklst_m.exe : fatal error LNK1120: 7 unresolved externals [D:\projects\misis2023f-23-check\misis2024s-23-04-popadina-v-a\build.check\prj.check\prj.check\doctest_stacklst\doctest_stacklst_m.vcxproj]
    33>doctest_stacklst.obj : error LNK2019: unresolved external symbol "public: __cdecl StackLst::StackLst(class StackLst const &)" (??0StackLst@@QEAA@AEBV0@@Z) referenced in function "void __cdecl DOCTEST_ANON_FUNC_21(void)" (?DOCTEST_ANON_FUNC_21@@YAXXZ) [D:\projects\misis2023f-23-check\misis2024s-23-04-popadina-v-a\build.check\prj.check\prj.check\doctest_stacklst\doctest_stacklst.vcxproj]
    33>doctest_stacklst.obj : error LNK2019: unresolved external symbol "public: __cdecl StackLst::~StackLst(void)" (??1StackLst@@QEAA@XZ) referenced in function "void __cdecl DOCTEST_ANON_FUNC_15(void)" (?DOCTEST_ANON_FUNC_15@@YAXXZ) [D:\projects\misis2023f-23-check\misis2024s-23-04-popadina-v-a\build.check\prj.check\prj.check\doctest_stacklst\doctest_stacklst.vcxproj]
    33>doctest_stacklst.obj : error LNK2019: unresolved external symbol "public: class StackLst & __cdecl StackLst::operator=(class StackLst const &)" (??4StackLst@@QEAAAEAV0@AEBV0@@Z) referenced in function "void __cdecl DOCTEST_ANON_FUNC_19(void)" (?DOCTEST_ANON_FUNC_19@@YAXXZ) [D:\projects\misis2023f-23-check\misis2024s-23-04-popadina-v-a\build.check\prj.check\prj.check\doctest_stacklst\doctest_stacklst.vcxproj]
    33>doctest_stacklst.obj : error LNK2019: unresolved external symbol "public: void __cdecl StackLst::Push(struct Complex const &)" (?Push@StackLst@@QEAAXAEBUComplex@@@Z) referenced in function "void __cdecl DOCTEST_ANON_FUNC_17(void)" (?DOCTEST_ANON_FUNC_17@@YAXXZ) [D:\projects\misis2023f-23-check\misis2024s-23-04-popadina-v-a\build.check\prj.check\prj.check\doctest_stacklst\doctest_stacklst.vcxproj]
    33>doctest_stacklst.obj : error LNK2019: unresolved external symbol "public: void __cdecl StackLst::Pop(void)" (?Pop@StackLst@@QEAAXXZ) referenced in function "void __cdecl DOCTEST_ANON_FUNC_21(void)" (?DOCTEST_ANON_FUNC_21@@YAXXZ) [D:\projects\misis2023f-23-check\misis2024s-23-04-popadina-v-a\build.check\prj.check\prj.check\doctest_stacklst\doctest_stacklst.vcxproj]
    33>doctest_stacklst.obj : error LNK2019: unresolved external symbol "public: bool __cdecl StackLst::IsEmpty(void)const " (?IsEmpty@StackLst@@QEBA_NXZ) referenced in function "void __cdecl DOCTEST_ANON_FUNC_17(void)" (?DOCTEST_ANON_FUNC_17@@YAXXZ) [D:\projects\misis2023f-23-check\misis2024s-23-04-popadina-v-a\build.check\prj.check\prj.check\doctest_stacklst\doctest_stacklst.vcxproj]
    33>doctest_stacklst.obj : error LNK2019: unresolved external symbol "public: struct Complex & __cdecl StackLst::Top(void)" (?Top@StackLst@@QEAAAEAUComplex@@XZ) referenced in function "void __cdecl DOCTEST_ANON_FUNC_21(void)" (?DOCTEST_ANON_FUNC_21@@YAXXZ) [D:\projects\misis2023f-23-check\misis2024s-23-04-popadina-v-a\build.check\prj.check\prj.check\doctest_stacklst\doctest_stacklst.vcxproj]
    33>doctest_stacklst.obj : error LNK2019: unresolved external symbol "public: struct Complex const & __cdecl StackLst::Top(void)const " (?Top@StackLst@@QEBAAEBUComplex@@XZ) referenced in function "void __cdecl DOCTEST_ANON_FUNC_25(void)" (?DOCTEST_ANON_FUNC_25@@YAXXZ) [D:\projects\misis2023f-23-check\misis2024s-23-04-popadina-v-a\build.check\prj.check\prj.check\doctest_stacklst\doctest_stacklst.vcxproj]
    33>doctest_stacklst.obj : error LNK2019: unresolved external symbol "public: void __cdecl StackLst::Clear(void)" (?Clear@StackLst@@QEAAXXZ) referenced in function "void __cdecl DOCTEST_ANON_FUNC_19(void)" (?DOCTEST_ANON_FUNC_19@@YAXXZ) [D:\projects\misis2023f-23-check\misis2024s-23-04-popadina-v-a\build.check\prj.check\prj.check\doctest_stacklst\doctest_stacklst.vcxproj]
    33>D:\projects\misis2023f-23-check\misis2024s-23-04-popadina-v-a\bin.check\doctest_stacklst.exe : fatal error LNK1120: 9 unresolved externals [D:\projects\misis2023f-23-check\misis2024s-23-04-popadina-v-a\build.check\prj.check\prj.check\doctest_stacklst\doctest_stacklst.vcxproj]
