    12>D:\projects\misis2023f-23-check\misis2024s-23-04-popadina-v-a\prj.check\prj.check\doctest_bitset\doctest_bitset.cpp(14,19): error C2676: бинарный "[": "BitSet" не определяет этот оператор или преобразование к типу приемлемо к встроенному оператору [D:\projects\misis2023f-23-check\misis2024s-23-04-popadina-v-a\build.check\prj.check\prj.check\doctest_bitset\doctest_bitset.vcxproj]
    12>D:\projects\misis2023f-23-check\misis2024s-23-04-popadina-v-a\prj.check\prj.check\doctest_bitset\doctest_bitset.cpp(16,19): error C2676: бинарный "[": "BitSet" не определяет этот оператор или преобразование к типу приемлемо к встроенному оператору [D:\projects\misis2023f-23-check\misis2024s-23-04-popadina-v-a\build.check\prj.check\prj.check\doctest_bitset\doctest_bitset.vcxproj]
    12>D:\projects\misis2023f-23-check\misis2024s-23-04-popadina-v-a\prj.check\prj.check\doctest_bitset\doctest_bitset.cpp(16,13): error C2530: b2: ссылки должны быть инициализированы [D:\projects\misis2023f-23-check\misis2024s-23-04-popadina-v-a\build.check\prj.check\prj.check\doctest_bitset\doctest_bitset.vcxproj]
    12>D:\projects\misis2023f-23-check\misis2024s-23-04-popadina-v-a\prj.check\prj.check\doctest_bitset\doctest_bitset.cpp(88,5): error C2676: бинарный "[": "BitSet" не определяет этот оператор или преобразование к типу приемлемо к встроенному оператору [D:\projects\misis2023f-23-check\misis2024s-23-04-popadina-v-a\build.check\prj.check\prj.check\doctest_bitset\doctest_bitset.vcxproj]
    12>D:\projects\misis2023f-23-check\misis2024s-23-04-popadina-v-a\prj.check\prj.check\doctest_bitset\doctest_bitset.cpp(89,9): error C2676: бинарный "[": "BitSet" не определяет этот оператор или преобразование к типу приемлемо к встроенному оператору [D:\projects\misis2023f-23-check\misis2024s-23-04-popadina-v-a\build.check\prj.check\prj.check\doctest_bitset\doctest_bitset.vcxproj]
    12>D:\projects\misis2023f-23-check\misis2024s-23-04-popadina-v-a\prj.check\prj.check\doctest_bitset\doctest_bitset.cpp(91,5): error C2676: бинарный "[": "BitSet" не определяет этот оператор или преобразование к типу приемлемо к встроенному оператору [D:\projects\misis2023f-23-check\misis2024s-23-04-popadina-v-a\build.check\prj.check\prj.check\doctest_bitset\doctest_bitset.vcxproj]
    12>D:\projects\misis2023f-23-check\misis2024s-23-04-popadina-v-a\prj.check\prj.check\doctest_bitset\doctest_bitset.cpp(92,9): error C2676: бинарный "[": "BitSet" не определяет этот оператор или преобразование к типу приемлемо к встроенному оператору [D:\projects\misis2023f-23-check\misis2024s-23-04-popadina-v-a\build.check\prj.check\prj.check\doctest_bitset\doctest_bitset.vcxproj]
    12>D:\projects\misis2023f-23-check\misis2024s-23-04-popadina-v-a\prj.check\prj.check\doctest_bitset\doctest_bitset.cpp(94,5): error C2676: бинарный "[": "BitSet" не определяет этот оператор или преобразование к типу приемлемо к встроенному оператору [D:\projects\misis2023f-23-check\misis2024s-23-04-popadina-v-a\build.check\prj.check\prj.check\doctest_bitset\doctest_bitset.vcxproj]
    12>D:\projects\misis2023f-23-check\misis2024s-23-04-popadina-v-a\prj.check\prj.check\doctest_bitset\doctest_bitset.cpp(96,7): error C2676: бинарный "[": "BitSet" не определяет этот оператор или преобразование к типу приемлемо к встроенному оператору [D:\projects\misis2023f-23-check\misis2024s-23-04-popadina-v-a\build.check\prj.check\prj.check\doctest_bitset\doctest_bitset.vcxproj]
    12>D:\projects\misis2023f-23-check\misis2024s-23-04-popadina-v-a\prj.check\prj.check\doctest_bitset\doctest_bitset.cpp(97,3): error C2676: бинарный "[": "BitSet" не определяет этот оператор или преобразование к типу приемлемо к встроенному оператору [D:\projects\misis2023f-23-check\misis2024s-23-04-popadina-v-a\build.check\prj.check\prj.check\doctest_bitset\doctest_bitset.vcxproj]
    12>D:\projects\misis2023f-23-check\misis2024s-23-04-popadina-v-a\prj.check\prj.check\doctest_bitset\doctest_bitset.cpp(98,3): error C2676: бинарный "[": "BitSet" не определяет этот оператор или преобразование к типу приемлемо к встроенному оператору [D:\projects\misis2023f-23-check\misis2024s-23-04-popadina-v-a\build.check\prj.check\prj.check\doctest_bitset\doctest_bitset.vcxproj]
    12>D:\projects\misis2023f-23-check\misis2024s-23-04-popadina-v-a\prj.check\prj.check\doctest_bitset\doctest_bitset.cpp(99,3): error C2676: бинарный "[": "BitSet" не определяет этот оператор или преобразование к типу приемлемо к встроенному оператору [D:\projects\misis2023f-23-check\misis2024s-23-04-popadina-v-a\build.check\prj.check\prj.check\doctest_bitset\doctest_bitset.vcxproj]
    12>D:\projects\misis2023f-23-check\misis2024s-23-04-popadina-v-a\prj.check\prj.check\doctest_bitset\doctest_bitset.cpp(102,3): error C2676: бинарный "[": "BitSet" не определяет этот оператор или преобразование к типу приемлемо к встроенному оператору [D:\projects\misis2023f-23-check\misis2024s-23-04-popadina-v-a\build.check\prj.check\prj.check\doctest_bitset\doctest_bitset.vcxproj]
    12>D:\projects\misis2023f-23-check\misis2024s-23-04-popadina-v-a\prj.check\prj.check\doctest_bitset\doctest_bitset.cpp(103,3): error C2676: бинарный "[": "BitSet" не определяет этот оператор или преобразование к типу приемлемо к встроенному оператору [D:\projects\misis2023f-23-check\misis2024s-23-04-popadina-v-a\build.check\prj.check\prj.check\doctest_bitset\doctest_bitset.vcxproj]
    12>D:\projects\misis2023f-23-check\misis2024s-23-04-popadina-v-a\prj.check\prj.check\doctest_bitset\doctest_bitset.cpp(104,3): error C2676: бинарный "[": "BitSet" не определяет этот оператор или преобразование к типу приемлемо к встроенному оператору [D:\projects\misis2023f-23-check\misis2024s-23-04-popadina-v-a\build.check\prj.check\prj.check\doctest_bitset\doctest_bitset.vcxproj]
    12>D:\projects\misis2023f-23-check\misis2024s-23-04-popadina-v-a\prj.check\prj.check\doctest_bitset\doctest_bitset.cpp(105,3): error C2676: бинарный "[": "BitSet" не определяет этот оператор или преобразование к типу приемлемо к встроенному оператору [D:\projects\misis2023f-23-check\misis2024s-23-04-popadina-v-a\build.check\prj.check\prj.check\doctest_bitset\doctest_bitset.vcxproj]
    12>D:\projects\misis2023f-23-check\misis2024s-23-04-popadina-v-a\prj.check\prj.check\doctest_bitset\doctest_bitset.cpp(123,12): error C2676: бинарный "[": "BitSet" не определяет этот оператор или преобразование к типу приемлемо к встроенному оператору [D:\projects\misis2023f-23-check\misis2024s-23-04-popadina-v-a\build.check\prj.check\prj.check\doctest_bitset\doctest_bitset.vcxproj]
    12>D:\projects\misis2023f-23-check\misis2024s-23-04-popadina-v-a\prj.check\prj.check\doctest_bitset\doctest_bitset.cpp(124,21): error C2676: бинарный "[": "BitSet" не определяет этот оператор или преобразование к типу приемлемо к встроенному оператору [D:\projects\misis2023f-23-check\misis2024s-23-04-popadina-v-a\build.check\prj.check\prj.check\doctest_bitset\doctest_bitset.vcxproj]
    34>doctest_stacklst.obj : error LNK2019: ссылка на неразрешенный внешний символ "public: __cdecl StackLst::StackLst(class StackLst const &)" (??0StackLst@@QEAA@AEBV0@@Z) в функции "void __cdecl DOCTEST_ANON_FUNC_21(void)" (?DOCTEST_ANON_FUNC_21@@YAXXZ). [D:\projects\misis2023f-23-check\misis2024s-23-04-popadina-v-a\build.check\prj.check\prj.check\doctest_stacklst\doctest_stacklst.vcxproj]
    34>doctest_stacklst.obj : error LNK2019: ссылка на неразрешенный внешний символ "public: __cdecl StackLst::~StackLst(void)" (??1StackLst@@QEAA@XZ) в функции "void __cdecl DOCTEST_ANON_FUNC_15(void)" (?DOCTEST_ANON_FUNC_15@@YAXXZ). [D:\projects\misis2023f-23-check\misis2024s-23-04-popadina-v-a\build.check\prj.check\prj.check\doctest_stacklst\doctest_stacklst.vcxproj]
    34>doctest_stacklst.obj : error LNK2019: ссылка на неразрешенный внешний символ "public: class StackLst & __cdecl StackLst::operator=(class StackLst const &)" (??4StackLst@@QEAAAEAV0@AEBV0@@Z) в функции "void __cdecl DOCTEST_ANON_FUNC_19(void)" (?DOCTEST_ANON_FUNC_19@@YAXXZ). [D:\projects\misis2023f-23-check\misis2024s-23-04-popadina-v-a\build.check\prj.check\prj.check\doctest_stacklst\doctest_stacklst.vcxproj]
    34>doctest_stacklst.obj : error LNK2019: ссылка на неразрешенный внешний символ "public: void __cdecl StackLst::Push(struct Complex const &)" (?Push@StackLst@@QEAAXAEBUComplex@@@Z) в функции "void __cdecl DOCTEST_ANON_FUNC_17(void)" (?DOCTEST_ANON_FUNC_17@@YAXXZ). [D:\projects\misis2023f-23-check\misis2024s-23-04-popadina-v-a\build.check\prj.check\prj.check\doctest_stacklst\doctest_stacklst.vcxproj]
    34>doctest_stacklst.obj : error LNK2019: ссылка на неразрешенный внешний символ "public: void __cdecl StackLst::Pop(void)" (?Pop@StackLst@@QEAAXXZ) в функции "void __cdecl DOCTEST_ANON_FUNC_21(void)" (?DOCTEST_ANON_FUNC_21@@YAXXZ). [D:\projects\misis2023f-23-check\misis2024s-23-04-popadina-v-a\build.check\prj.check\prj.check\doctest_stacklst\doctest_stacklst.vcxproj]
    34>doctest_stacklst.obj : error LNK2019: ссылка на неразрешенный внешний символ "public: bool __cdecl StackLst::IsEmpty(void)const " (?IsEmpty@StackLst@@QEBA_NXZ) в функции "void __cdecl DOCTEST_ANON_FUNC_17(void)" (?DOCTEST_ANON_FUNC_17@@YAXXZ). [D:\projects\misis2023f-23-check\misis2024s-23-04-popadina-v-a\build.check\prj.check\prj.check\doctest_stacklst\doctest_stacklst.vcxproj]
    34>doctest_stacklst.obj : error LNK2019: ссылка на неразрешенный внешний символ "public: struct Complex & __cdecl StackLst::Top(void)" (?Top@StackLst@@QEAAAEAUComplex@@XZ) в функции "void __cdecl DOCTEST_ANON_FUNC_21(void)" (?DOCTEST_ANON_FUNC_21@@YAXXZ). [D:\projects\misis2023f-23-check\misis2024s-23-04-popadina-v-a\build.check\prj.check\prj.check\doctest_stacklst\doctest_stacklst.vcxproj]
    34>doctest_stacklst.obj : error LNK2019: ссылка на неразрешенный внешний символ "public: struct Complex const & __cdecl StackLst::Top(void)const " (?Top@StackLst@@QEBAAEBUComplex@@XZ) в функции "void __cdecl DOCTEST_ANON_FUNC_25(void)" (?DOCTEST_ANON_FUNC_25@@YAXXZ). [D:\projects\misis2023f-23-check\misis2024s-23-04-popadina-v-a\build.check\prj.check\prj.check\doctest_stacklst\doctest_stacklst.vcxproj]
    34>doctest_stacklst.obj : error LNK2019: ссылка на неразрешенный внешний символ "public: void __cdecl StackLst::Clear(void)" (?Clear@StackLst@@QEAAXXZ) в функции "void __cdecl DOCTEST_ANON_FUNC_19(void)" (?DOCTEST_ANON_FUNC_19@@YAXXZ). [D:\projects\misis2023f-23-check\misis2024s-23-04-popadina-v-a\build.check\prj.check\prj.check\doctest_stacklst\doctest_stacklst.vcxproj]
    34>D:\projects\misis2023f-23-check\misis2024s-23-04-popadina-v-a\bin.check\doctest_stacklst.exe : fatal error LNK1120: неразрешенных внешних элементов: 9 [D:\projects\misis2023f-23-check\misis2024s-23-04-popadina-v-a\build.check\prj.check\prj.check\doctest_stacklst\doctest_stacklst.vcxproj]
    31>doctest_stacklst_moveable.obj : error LNK2019: ссылка на неразрешенный внешний символ "public: __cdecl StackLst::StackLst(class StackLst const &)" (??0StackLst@@QEAA@AEBV0@@Z) в функции "void __cdecl DOCTEST_ANON_TMP_16<class StackLst>(void)" (??$DOCTEST_ANON_TMP_16@VStackLst@@@@YAXXZ). [D:\projects\misis2023f-23-check\misis2024s-23-04-popadina-v-a\build.check\prj.check\prj.check\doctest_stacklst\doctest_stacklst_m.vcxproj]
    31>doctest_stacklst_moveable.obj : error LNK2019: ссылка на неразрешенный внешний символ "public: __cdecl StackLst::StackLst(class StackLst &&)" (??0StackLst@@QEAA@$$QEAV0@@Z) в функции "void __cdecl DOCTEST_ANON_TMP_16<class StackLst>(void)" (??$DOCTEST_ANON_TMP_16@VStackLst@@@@YAXXZ). [D:\projects\misis2023f-23-check\misis2024s-23-04-popadina-v-a\build.check\prj.check\prj.check\doctest_stacklst\doctest_stacklst_m.vcxproj]
    31>doctest_stacklst_moveable.obj : error LNK2019: ссылка на неразрешенный внешний символ "public: __cdecl StackLst::~StackLst(void)" (??1StackLst@@QEAA@XZ) в функции "void __cdecl DOCTEST_ANON_TMP_16<class StackLst>(void)" (??$DOCTEST_ANON_TMP_16@VStackLst@@@@YAXXZ). [D:\projects\misis2023f-23-check\misis2024s-23-04-popadina-v-a\build.check\prj.check\prj.check\doctest_stacklst\doctest_stacklst_m.vcxproj]
    31>doctest_stacklst_moveable.obj : error LNK2019: ссылка на неразрешенный внешний символ "public: class StackLst & __cdecl StackLst::operator=(class StackLst const &)" (??4StackLst@@QEAAAEAV0@AEBV0@@Z) в функции "void __cdecl DOCTEST_ANON_TMP_20<class StackLst>(void)" (??$DOCTEST_ANON_TMP_20@VStackLst@@@@YAXXZ). [D:\projects\misis2023f-23-check\misis2024s-23-04-popadina-v-a\build.check\prj.check\prj.check\doctest_stacklst\doctest_stacklst_m.vcxproj]
    31>doctest_stacklst_moveable.obj : error LNK2019: ссылка на неразрешенный внешний символ "public: class StackLst & __cdecl StackLst::operator=(class StackLst &&)" (??4StackLst@@QEAAAEAV0@$$QEAV0@@Z) в функции "void __cdecl DOCTEST_ANON_TMP_20<class StackLst>(void)" (??$DOCTEST_ANON_TMP_20@VStackLst@@@@YAXXZ). [D:\projects\misis2023f-23-check\misis2024s-23-04-popadina-v-a\build.check\prj.check\prj.check\doctest_stacklst\doctest_stacklst_m.vcxproj]
    31>doctest_stacklst_moveable.obj : error LNK2019: ссылка на неразрешенный внешний символ "public: void __cdecl StackLst::Push(struct Complex const &)" (?Push@StackLst@@QEAAXAEBUComplex@@@Z) в функции "void __cdecl DOCTEST_ANON_TMP_16<class StackLst>(void)" (??$DOCTEST_ANON_TMP_16@VStackLst@@@@YAXXZ). [D:\projects\misis2023f-23-check\misis2024s-23-04-popadina-v-a\build.check\prj.check\prj.check\doctest_stacklst\doctest_stacklst_m.vcxproj]
    31>doctest_stacklst_moveable.obj : error LNK2019: ссылка на неразрешенный внешний символ "public: struct Complex & __cdecl StackLst::Top(void)" (?Top@StackLst@@QEAAAEAUComplex@@XZ) в функции "void __cdecl DOCTEST_ANON_FUNC_27(void)" (?DOCTEST_ANON_FUNC_27@@YAXXZ). [D:\projects\misis2023f-23-check\misis2024s-23-04-popadina-v-a\build.check\prj.check\prj.check\doctest_stacklst\doctest_stacklst_m.vcxproj]
    31>D:\projects\misis2023f-23-check\misis2024s-23-04-popadina-v-a\bin.check\doctest_stacklst_m.exe : fatal error LNK1120: неразрешенных внешних элементов: 7 [D:\projects\misis2023f-23-check\misis2024s-23-04-popadina-v-a\build.check\prj.check\prj.check\doctest_stacklst\doctest_stacklst_m.vcxproj]
